<?xml version="1.0" encoding="UTF-8"?>
<!-- Generated by org.testng.reporters.JUnitReportReporter -->
<testsuite hostname="DESKTOP-GLA0AO1" failures="0" tests="1" name="mockingServer.CreditCardPaymentTest" time="5.544" errors="0" timestamp="2024-07-01T10:11:54 IST" skipped="0">
  <testcase classname="mockingServer.CreditCardPaymentTest" name="creditCardValidityTest" time="5.544"/>
</testsuite> <!-- mockingServer.CreditCardPaymentTest -->
